SF:/Users/brian/dev/aco/aip/pkg/b57/implementations/dart/lib/src/errors.dart
DA:8,3
DA:14,1
DA:16,1
DA:17,3
DA:19,2
DA:24,1
DA:25,1
DA:27,2
DA:33,1
DA:34,1
DA:41,3
DA:42,3
DA:44,3
DA:49,1
DA:50,1
DA:53,1
DA:59,1
DA:60,1
DA:67,1
DA:68,1
DA:70,1
DA:75,2
DA:76,2
DA:78,2
DA:83,2
DA:84,2
DA:86,2
DA:91,2
DA:92,2
DA:99,2
DA:100,2
DA:107,2
DA:108,2
DA:110,2
LF:34
LH:34
end_of_record
SF:/Users/brian/dev/aco/aip/pkg/b57/implementations/dart/lib/src/b57.dart
DA:10,27
DA:12,9
DA:13,18
DA:14,27
DA:15,18
DA:20,11
DA:21,11
DA:24,44
DA:25,3
DA:28,22
DA:29,6
DA:33,11
DA:34,33
DA:35,55
DA:38,11
DA:39,11
DA:41,22
DA:42,22
DA:43,11
DA:44,22
DA:47,22
DA:48,22
DA:49,22
DA:50,11
DA:52,11
DA:55,9
DA:56,10
DA:58,27
DA:59,9
DA:60,27
DA:61,0
DA:66,54
DA:67,3
DA:70,18
DA:71,9
DA:72,6
DA:75,9
DA:76,9
DA:77,27
DA:78,27
DA:79,27
DA:82,9
DA:83,45
DA:84,9
DA:85,27
DA:86,36
DA:89,27
DA:90,27
DA:92,9
DA:96,5
DA:97,35
DA:100,5
DA:101,5
DA:102,5
DA:104,15
DA:110,2
DA:111,2
DA:112,10
DA:115,2
DA:116,2
DA:117,10
DA:120,9
DA:121,18
DA:122,0
DA:127,0
DA:128,0
DA:130,0
DA:136,0
DA:137,0
LF:69
LH:62
end_of_record
SF:/Users/brian/dev/aco/aip/pkg/b57/implementations/dart/lib/src/h57.dart
DA:31,4
DA:32,4
DA:33,2
DA:34,2
DA:37,4
DA:38,4
DA:39,8
DA:40,4
DA:41,4
DA:44,2
DA:46,4
DA:52,2
DA:53,2
DA:55,4
DA:56,4
DA:57,12
DA:60,4
DA:62,4
DA:64,4
DA:66,4
DA:73,4
DA:90,4
DA:91,0
DA:93,4
LF:24
LH:23
end_of_record
SF:/Users/brian/dev/aco/aip/pkg/b57/implementations/dart/lib/src/id57.dart
DA:27,4
DA:28,4
DA:29,3
DA:32,4
DA:33,8
DA:35,12
DA:37,4
DA:41,2
DA:44,2
DA:45,2
DA:49,2
DA:50,2
DA:56,4
DA:71,4
DA:72,0
DA:74,4
LF:16
LH:15
end_of_record
SF:/Users/brian/dev/aco/aip/pkg/b57/implementations/dart/lib/src/id57_short.dart
DA:20,3
DA:21,3
DA:22,3
DA:25,3
DA:26,6
DA:28,9
DA:30,3
DA:34,2
DA:37,2
DA:38,2
DA:42,2
DA:43,2
DA:49,3
DA:57,3
DA:58,0
DA:60,3
LF:16
LH:15
end_of_record
SF:/Users/brian/dev/aco/aip/pkg/b57/implementations/dart/lib/src/i57.dart
DA:8,6
DA:9,6
DA:11,3
DA:12,3
DA:14,2
DA:15,2
DA:16,6
DA:17,2
DA:20,3
DA:21,3
DA:23,2
DA:24,2
LF:12
LH:12
end_of_record
SF:/Users/brian/dev/aco/aip/pkg/b57/implementations/dart/lib/src/r57.dart
DA:22,2
DA:23,2
DA:24,2
DA:27,8
DA:28,8
DA:30,2
DA:32,2
DA:33,1
DA:34,2
DA:35,1
DA:36,1
DA:37,2
DA:38,1
DA:39,1
DA:40,2
DA:41,1
DA:42,1
DA:43,2
DA:44,1
DA:45,1
DA:46,2
DA:47,1
DA:48,1
DA:49,4
DA:50,4
DA:52,1
DA:53,1
DA:54,2
DA:58,2
DA:59,2
DA:60,6
DA:63,1
DA:64,1
DA:65,2
DA:66,1
DA:68,3
DA:71,2
DA:72,2
DA:73,4
DA:76,0
DA:77,0
DA:78,0
LF:42
LH:39
end_of_record
SF:/Users/brian/dev/aco/aip/pkg/b57/implementations/dart/lib/src/s57.dart
DA:21,3
DA:34,3
DA:47,3
DA:49,3
DA:50,15
DA:51,1
DA:54,6
DA:55,6
DA:56,12
DA:58,9
DA:59,3
DA:60,3
DA:65,3
DA:70,3
DA:78,3
DA:81,2
DA:82,3
DA:83,8
DA:84,2
DA:85,2
DA:90,2
DA:95,2
DA:104,3
DA:105,3
DA:106,6
DA:107,3
DA:108,9
DA:109,3
DA:112,3
DA:113,3
DA:116,3
DA:117,3
DA:118,3
DA:119,7
DA:120,4
DA:123,4
DA:124,2
DA:125,6
DA:126,2
DA:129,2
DA:130,2
DA:133,6
DA:135,1
DA:136,3
DA:137,3
DA:138,1
DA:139,6
DA:140,1
DA:143,1
DA:144,3
DA:145,1
DA:146,6
DA:147,1
DA:150,1
DA:151,1
DA:152,1
DA:154,1
DA:157,3
DA:158,1
DA:161,1
DA:162,1
DA:163,1
DA:165,1
DA:168,3
DA:169,1
DA:172,1
DA:173,1
DA:175,1
DA:178,3
DA:179,1
DA:182,1
DA:183,1
DA:184,3
DA:187,2
DA:188,2
DA:189,1
DA:191,1
DA:192,2
DA:193,1
DA:195,3
DA:198,2
DA:199,8
DA:200,0
DA:203,2
DA:204,2
DA:205,6
DA:206,2
DA:213,2
DA:215,4
DA:216,2
DA:217,2
DA:218,4
DA:220,2
DA:223,3
DA:224,3
DA:225,6
DA:226,1
DA:229,2
DA:230,2
DA:231,1
DA:234,2
DA:235,2
DA:236,1
DA:238,6
DA:239,0
DA:242,2
DA:243,2
DA:244,4
DA:245,0
DA:248,6
DA:249,8
DA:251,2
DA:252,6
DA:254,2
DA:255,2
DA:260,1
DA:265,3
DA:266,3
DA:269,3
DA:270,3
DA:271,1
DA:272,2
DA:275,2
DA:276,2
DA:277,6
DA:280,2
DA:281,2
DA:282,4
DA:286,0
DA:287,0
DA:288,0
DA:289,0
DA:294,3
DA:309,3
DA:310,0
DA:312,3
DA:315,3
DA:316,3
DA:319,9
DA:320,3
DA:323,0
DA:324,0
LF:142
LH:132
end_of_record
